<?xml version="1.0" encoding="UTF-8"?>
<!-- Generated by org.testng.reporters.JUnitXMLReporter -->
<testsuite hostname="ISIPL-PUNV-L384" ignored="0" name="Test" tests="5" failures="3" timestamp="2022-09-16T17:08:41 IST" time="0.645" errors="0">
  <testcase name="doForgot" time="0.042" classname="testCases.TestCase1">
    <failure type="java.lang.AssertionError" message="Test case failed">
      <![CDATA[java.lang.AssertionError: Test case failed
at testCases.TestCase1.doForgot(TestCase1.java:110)
at java.util.ArrayList.forEach(ArrayList.java:1257)
... Removed 28 stack frames]]>
    </failure>
  </testcase> <!-- doForgot -->
  <testcase name="doLogin" time="0.005" classname="testCases.TestCase1"/>
  <testcase name="doRegi" time="0.0" classname="testCases.TestCase1">
    <failure type="java.lang.AssertionError" message="User Reg. Story Test case failed">
      <![CDATA[java.lang.AssertionError: User Reg. Story Test case failed
at testCases.TestCase1.doRegi(TestCase1.java:92)
at java.util.ArrayList.forEach(ArrayList.java:1257)
... Removed 28 stack frames]]>
    </failure>
  </testcase> <!-- doRegi -->
  <testcase name="doSkip" time="0.003" classname="testCases.TestCase1">
    <skipped/>
  </testcase> <!-- doSkip -->
  <testcase name="wikiTestCase" time="0.495" classname="testCases.TestCase1">
    <failure type="java.lang.NoSuchMethodError" message="com.google.common.collect.ImmutableMap.of(Ljava/lang/Object;Ljava/lang/Object;Ljava/lang/Object;Ljava/lang/Object;Ljava/lang/Object;Ljava/lang/Object;Ljava/lang/Object;Ljava/lang/Object;Ljava/lang/Object;Ljava/lang/Object;Ljava/lang/Object;Ljava/lang/Object;)Lcom/google/common/collect/ImmutableMap;">
      <![CDATA[java.lang.NoSuchMethodError: com.google.common.collect.ImmutableMap.of(Ljava/lang/Object;Ljava/lang/Object;Ljava/lang/Object;Ljava/lang/Object;Ljava/lang/Object;Ljava/lang/Object;Ljava/lang/Object;Ljava/lang/Object;Ljava/lang/Object;Ljava/lang/Object;Ljava/lang/Object;Ljava/lang/Object;)Lcom/google/common/collect/ImmutableMap;
at org.openqa.selenium.chrome.AddHasCasting.getAdditionalCommands(AddHasCasting.java:38)
at org.openqa.selenium.chrome.ChromeDriver$ChromeDriverCommandExecutor.getExtraCommands(ChromeDriver.java:123)
at org.openqa.selenium.chrome.ChromeDriver$ChromeDriverCommandExecutor.<init>(ChromeDriver.java:118)
at org.openqa.selenium.chrome.ChromeDriver.<init>(ChromeDriver.java:106)
at org.openqa.selenium.chrome.ChromeDriver.<init>(ChromeDriver.java:93)
at org.openqa.selenium.chrome.ChromeDriver.<init>(ChromeDriver.java:48)
at testCases.TestCase1.wikiTestCase(TestCase1.java:48)
at java.util.ArrayList.forEach(ArrayList.java:1257)
... Removed 27 stack frames]]>
    </failure>
  </testcase> <!-- wikiTestCase -->
</testsuite> <!-- Test -->
